<?xml version="1.0" encoding="UTF-8"?>
<testsuite xmlns:xsi="http://www.w3.org/2001/XMLSchema-instance" xsi:noNamespaceSchemaLocation="https://maven.apache.org/surefire/maven-surefire-plugin/xsd/surefire-test-report-3.0.xsd" version="3.0" name="com.vehicleanalyzer.model.VehicleTest" time="0.075" tests="12" errors="0" skipped="0" failures="0">
  <properties>
[...]
</properties>
  <testcase name="testGetModel" classname="com.vehicleanalyzer.model.VehicleTest" time="0.005"/>
  <testcase name="testGetID" classname="com.vehicleanalyzer.model.VehicleTest" time="0.0"/>
  <testcase name="testSetID" classname="com.vehicleanalyzer.model.VehicleTest" time="0.0"/>
  <testcase name="testToString" classname="com.vehicleanalyzer.model.VehicleTest" time="0.0"/>
  <testcase name="testGetManufacturer" classname="com.vehicleanalyzer.model.VehicleTest" time="0.0"/>
  <testcase name="testGetType" classname="com.vehicleanalyzer.model.VehicleTest" time="0.0"/>
  <testcase name="testGetYear" classname="com.vehicleanalyzer.model.VehicleTest" time="0.001"/>
  <testcase name="testSetManufacturer" classname="com.vehicleanalyzer.model.VehicleTest" time="0.0"/>
  <testcase name="testGetLOGVehicles" classname="com.vehicleanalyzer.model.VehicleTest" time="0.0"/>
  <testcase name="testSetType" classname="com.vehicleanalyzer.model.VehicleTest" time="0.002"/>
  <testcase name="testSetYear" classname="com.vehicleanalyzer.model.VehicleTest" time="0.0"/>
  <testcase name="testSetModel" classname="com.vehicleanalyzer.model.VehicleTest" time="0.0"/>
</testsuite>